3001
4095
4095
2960
1294
272
543
1935
3558
4095
3837
2321
783
214
974
2582
3998
4095
3333
1688
412
347
1527
3195
4095
4090
2743
1115
244
675
2156
3724
4095
3683
2100
638
238
1152
2797
4095
4095
3148
1479
332
440
1740
3390
4095
3967
2524
931
211
822
2379
3868
4095
3510
1889
515
286
1337
3003
4095
4095
2947
1282
269
554
1950
3566
4095
3824
2296
775
212
988
2595
4009
4095
3328
1672
408
355
1540
3205
4095
4078
2731
1097
230
684
2172
3733
4095
3671
2088
631
247
1184
2814
4095
4095
3130
1462
327
451
1752
3408
4095
3953
2502
918
211
839
2400
3890
4095
3490
1862
508
292
1369
3033
4095
4095
2909
1253
264
573
1990
3597
4095
3811
2266
742
216
1021
2637
4031
4095
3292
1629
392
375
1585
3261
4095
4052
2677
1057
220
719
2224
3773
4095
3621
2035
598
252
1216
2867
4095
4095
3081
1406
304
478
1819
3454
4095
3916
2446
875
211
885
2456
3923
4095
3442
1797
472
313
1419
3091
4095
4095
2854
1206
248
603
2031
3637
4095
3767
2220
716
221
1060
2685
4057
4095
3248
1578
371
390
1635
3303
4095
4031
2630
1014
215
748
2275
3804
4095
3592
1992
573
260
1255
2913
4095
4095
3032
1362
296
506
1861
3495
4095
3885
2403
837
218
922
2512
3963
4095
3397
1753
448
328
1480
3130
4095
4095
2808
1160
239
634
2090
3672
4095
3732
2176
682
228
1096
2728
4079
4095
3210
1538
355
413
1671
3332
4095
4004
2590
979
216
782
2312
3830
4095
3563
1944
548
267
1288
2950
4095
4095
2998
1335
282
523
1890
3517
4095
3877
2362
817
210
939
2537
3974
4095
3377
1724
432
337
1502
3164
4095
4095
2766
1132
235
656
2128
3695
4095
3703
2124
656
235
1128
2776
4095
4095
3162
1503
343
430
1709
3366
4095
3979
2548
947
213
800
2358
3862
4095
3530
1903
524
285
1322
2987
4095
4095
2957
1304
272
544
1927
3554
4095
3842
2326
787
212
969
2574
3994
4095
3351
1693
428
347
1521
3183
4095
4075
2753
1113
231
668
2157
3719
4095
3687
2106
642
233
1143
2792
4095
4095
3151
1483
336
437
1732
3385
4095
3963
2527
934
208
818
2375
3879
4095
3515
1884
512
291
1343
3005
4095
4095
2938
1279
266
556
1963
3571
4095
3823
2300
770
211
992
2601
4012
4095
3323
1663
408
360
1550
3216
4095
4077
2720
1090
225
688
2177
3737
4095
3658
2081
630
242
1170
2815
4095
4095
3127
1457
325
452
1759
3409
4095
3950
2502
913
209
838
2404
3893
4095
3490
1863
502
294
1366
3034
4095
4095
2914
1252
273
569
1979
3588
4095
3803
2280
744
217
987
2626
4027
4095
3298
1637
395
370
1579
3241
4095
4059
2685
1056
225
708
2205
3763
4095
3631
2041
